--------------------------------------------------------------------------------
Profile data file '../callgrind.out' (creator: callgrind-3.19.0)
--------------------------------------------------------------------------------
I1 cache: 
D1 cache: 
LL cache: 
Timerange: Basic block 0 - 2619576928
Trigger: Program termination
Profiled target:  ../luatest ./all.lua (PID 13571, part 1)
Events recorded:  Ir sysCount sysTime sysCpuTime
Events shown:     Ir sysCount sysTime sysCpuTime
Event sort order: Ir sysCount sysTime sysCpuTime
Thresholds:       99 0 0 0
Include dirs:     
User annotated:   ../
                  ../source/
Auto-annotation:  on

--------------------------------------------------------------------------------
Ir                      sysCount       sysTime             sysCpuTime          
--------------------------------------------------------------------------------
13,410,465,933 (100.0%) 1,616 (100.0%) 96,832,705 (100.0%) 59,559,375 (100.0%)  PROGRAM TOTALS

--------------------------------------------------------------------------------
Ir                     sysCount     sysTime             sysCpuTime           file:function
--------------------------------------------------------------------------------
1,216,626,851 ( 9.07%)   .                   .                   .           ???:0x000000000000b1e0 [/home/buildcat/GitHub/onlylua/luatest]
  588,904,568 ( 4.39%)   .                   .                   .           ???:0x000000000002df60 [/home/buildcat/GitHub/onlylua/luatest]
  583,553,169 ( 4.35%)   .                   .                   .           ???:0x0000000000094250 [/usr/lib/libc.so.6]
  564,054,809 ( 4.21%)   .                   .                   .           ???:0x0000000000092fe0 [/usr/lib/libc.so.6]
  556,086,867 ( 4.15%)   .                   .                   .           ???:0x0000000000006980 [/home/buildcat/GitHub/onlylua/luatest]
  555,918,608 ( 4.15%)   .                   .                   .           ???:0x0000000000004810 [/home/buildcat/GitHub/onlylua/luatest]
  538,980,559 ( 4.02%)   .                   .                   .           ???:0x000000000002f4b0 [/home/buildcat/GitHub/onlylua/luatest]
  428,277,081 ( 3.19%)   .                   .                   .           ???:0x000000000000a6d0 [/home/buildcat/GitHub/onlylua/luatest]
  398,803,378 ( 2.97%)   .                   .                   .           ???:0x000000000000ac30 [/home/buildcat/GitHub/onlylua/luatest]
  391,550,462 ( 2.92%)   .                   .                   .           ???:0x00000000000055c0 [/home/buildcat/GitHub/onlylua/luatest]
  389,969,994 ( 2.91%)   .                   .                   .           ???:0x00000000000279d0'2 [/home/buildcat/GitHub/onlylua/luatest]
  340,797,165 ( 2.54%)   .                   .                   .           ???:0x000000000000a6d0'2 [/home/buildcat/GitHub/onlylua/luatest]
  331,169,944 ( 2.47%)   .                   .                   .           ???:memcpy [/usr/lib/libc.so.6]
  329,386,347 ( 2.46%)   .                   .                   .           ???:0x00000000000098c0 [/home/buildcat/GitHub/onlylua/luatest]
  268,054,051 ( 2.00%)   .                   .                   .           ???:realloc [/usr/lib/libc.so.6]
  259,066,970 ( 1.93%)   .                   .                   .           ???:malloc [/usr/lib/libc.so.6]
  248,161,091 ( 1.85%)   .                   .                   .           ???:0x000000000001b670 [/home/buildcat/GitHub/onlylua/luatest]
  204,717,916 ( 1.53%)   .                   .                   .           ???:0x0000000000023b10 [/home/buildcat/GitHub/onlylua/luatest]
  204,378,843 ( 1.52%)   .                   .                   .           ???:0x00000000000096f0 [/home/buildcat/GitHub/onlylua/luatest]
  189,423,739 ( 1.41%)   .                   .                   .           ???:0x000000000002f4b0'2 [/home/buildcat/GitHub/onlylua/luatest]
  165,339,895 ( 1.23%)   .                   .                   .           ???:free [/usr/lib/libc.so.6]
  157,291,755 ( 1.17%)   .                   .                   .           ???:0x000000000001d120 [/home/buildcat/GitHub/onlylua/luatest]
  154,910,526 ( 1.16%)   .                   .                   .           ???:0x0000000000019830 [/home/buildcat/GitHub/onlylua/luatest]
  149,209,322 ( 1.11%)   .                   .                   .           ???:0x0000000000092170 [/usr/lib/libc.so.6]
  146,807,130 ( 1.09%)   .                   .                   .           ???:0x000000000002c140 [/home/buildcat/GitHub/onlylua/luatest]
  135,765,416 ( 1.01%)   .                   .                   .           ???:0x0000000000010270 [/home/buildcat/GitHub/onlylua/luatest]
  135,560,216 ( 1.01%)   .                   .                   .           ???:0x0000000000024390 [/home/buildcat/GitHub/onlylua/luatest]
  132,515,534 ( 0.99%)   .                   .                   .           ???:0x0000000000023cb0 [/home/buildcat/GitHub/onlylua/luatest]
  121,176,468 ( 0.90%)   .                   .                   .           ???:0x000000000000bfc0 [/home/buildcat/GitHub/onlylua/luatest]
  114,163,753 ( 0.85%)   .                   .                   .           ???:0x000000000009fb20 [/usr/lib/libc.so.6]
  113,643,753 ( 0.85%)   .                   .                   .           ???:0x000000000001b030 [/home/buildcat/GitHub/onlylua/luatest]
  110,798,557 ( 0.83%)   .                   .                   .           ???:0x000000000002c210 [/home/buildcat/GitHub/onlylua/luatest]
  109,836,294 ( 0.82%)   .                   .                   .           ???:0x000000000001fec0 [/home/buildcat/GitHub/onlylua/luatest]
  101,143,337 ( 0.75%)   .                   .                   .           ???:0x00000000000294c0'2 [/home/buildcat/GitHub/onlylua/luatest]
   98,970,539 ( 0.74%)   .                   .                   .           ???:0x0000000000024a50 [/home/buildcat/GitHub/onlylua/luatest]
   89,467,707 ( 0.67%)   .                   .                   .           ???:0x000000000001f810 [/home/buildcat/GitHub/onlylua/luatest]
   82,758,628 ( 0.62%)   .                   .                   .           ???:0x0000000000015dc0'2 [/home/buildcat/GitHub/onlylua/luatest]
   79,294,863 ( 0.59%)   .                   .                   .           ???:0x00000000000582c0 [/usr/lib/libc.so.6]
   78,423,506 ( 0.58%)   .                   .                   .           ???:0x0000000000092090 [/usr/lib/libc.so.6]
   77,248,117 ( 0.58%)   .                   .                   .           ???:0x0000000000025bb0 [/home/buildcat/GitHub/onlylua/luatest]
   70,606,277 ( 0.53%)   .                   .                   .           ???:0x00000000000247c0 [/home/buildcat/GitHub/onlylua/luatest]
   68,375,866 ( 0.51%)   .                   .                   .           ???:0x00000000000059c0'2 [/home/buildcat/GitHub/onlylua/luatest]
   66,074,680 ( 0.49%)   .                   .                   .           ???:0x000000000000c000 [/home/buildcat/GitHub/onlylua/luatest]
   64,061,555 ( 0.48%)   .                   .                   .           ???:0x00000000000053c0 [/home/buildcat/GitHub/onlylua/luatest]
   60,537,286 ( 0.45%)   .                   .                   .           ???:0x0000000000024d40 [/home/buildcat/GitHub/onlylua/luatest]
   59,918,096 ( 0.45%)   .                   .                   .           ???:0x0000000000023430 [/home/buildcat/GitHub/onlylua/luatest]
   59,325,407 ( 0.44%)   .                   .                   .           ???:0x00000000000049d0 [/home/buildcat/GitHub/onlylua/luatest]
   59,156,446 ( 0.44%)   .                   .                   .           ???:0x0000000000095270 [/usr/lib/libc.so.6]
   58,558,218 ( 0.44%)   .                   .                   .           ???:0x00000000000279d0 [/home/buildcat/GitHub/onlylua/luatest]
   58,550,933 ( 0.44%)   .                   .                   .           ???:0x00000000000252c0 [/home/buildcat/GitHub/onlylua/luatest]
   55,761,980 ( 0.42%)   .                   .                   .           ???:0x0000000000005880 [/home/buildcat/GitHub/onlylua/luatest]
   55,646,011 ( 0.41%)   .                   .                   .           ???:0x000000000002a720 [/home/buildcat/GitHub/onlylua/luatest]
   54,322,317 ( 0.41%)   .                   .                   .           ???:0x000000000002ee10 [/home/buildcat/GitHub/onlylua/luatest]
   54,301,887 ( 0.40%)   .                   .                   .           ???:0x00000000000059c0 [/home/buildcat/GitHub/onlylua/luatest]
   53,499,114 ( 0.40%)   .                   .                   .           ???:0x0000000000020200 [/home/buildcat/GitHub/onlylua/luatest]
   48,469,478 ( 0.36%)   .                   .                   .           ???:0x000000000001c3e0 [/home/buildcat/GitHub/onlylua/luatest]
   48,398,608 ( 0.36%)   .                   .                   .           ???:0x000000000002b9d0 [/home/buildcat/GitHub/onlylua/luatest]
   45,064,371 ( 0.34%)   .                   .                   .           ???:0x0000000000004a80 [/home/buildcat/GitHub/onlylua/luatest]
   43,922,945 ( 0.33%)   .                   .                   .           ???:0x0000000000021c10 [/home/buildcat/GitHub/onlylua/luatest]
   41,592,242 ( 0.31%)   .                   .                   .           ???:0x0000000000171a80 [/usr/lib/libc.so.6]
   37,295,208 ( 0.28%)   .                   .                   .           ???:0x000000000002d990 [/home/buildcat/GitHub/onlylua/luatest]
   36,479,767 ( 0.27%)   .                   .                   .           ???:0x00000000000294c0 [/home/buildcat/GitHub/onlylua/luatest]
   35,921,751 ( 0.27%)   .                   .                   .           ???:0x0000000000007550 [/home/buildcat/GitHub/onlylua/luatest]
   35,896,302 ( 0.27%)   .                   .                   .           ???:0x000000000002c1f0 [/home/buildcat/GitHub/onlylua/luatest]
   35,102,316 ( 0.26%)   .                   .                   .           ???:0x000000000000d4f0 [/home/buildcat/GitHub/onlylua/luatest]
   33,384,966 ( 0.25%)   .                   .                   .           ???:0x0000000000005100 [/home/buildcat/GitHub/onlylua/luatest]
   30,744,406 ( 0.23%)   .                   .                   .           ???:0x0000000000007550'2 [/home/buildcat/GitHub/onlylua/luatest]
   29,419,026 ( 0.22%)   .                   .                   .           ???:0x000000000002a930 [/home/buildcat/GitHub/onlylua/luatest]
   27,301,920 ( 0.20%)   .                   .                   .           ???:0x000000000004f060 [/usr/lib/libc.so.6]
   26,485,990 ( 0.20%)   .                   .                   .           ???:0x0000000000008020 [/home/buildcat/GitHub/onlylua/luatest]
   26,375,972 ( 0.20%)   .                   .                   .           ???:0x00000000000240b0 [/home/buildcat/GitHub/onlylua/luatest]
   26,281,666 ( 0.20%)   .                   .                   .           ???:0x000000000002dab0 [/home/buildcat/GitHub/onlylua/luatest]
   25,890,241 ( 0.19%)   .                   .                   .           ???:0x0000000000008700 [/usr/lib/ld-linux-x86-64.so.2]
   25,196,196 ( 0.19%)   .                   .                   .           ???:0x0000000000034850 [/home/buildcat/GitHub/onlylua/luatest]
   23,734,358 ( 0.18%)   .                   .                   .           ???:0x00000000000507e0 [/usr/lib/libc.so.6]
   23,413,466 ( 0.17%)   .                   .                   .           ???:0x0000000000009830 [/home/buildcat/GitHub/onlylua/luatest]
   22,878,489 ( 0.17%)   .                   .                   .           ???:0x0000000000006bc0 [/home/buildcat/GitHub/onlylua/luatest]
   22,804,065 ( 0.17%)   .                   .                   .           ???:0x00000000000a4ef0 [/usr/lib/libc.so.6]
   21,363,898 ( 0.16%)   .                   .                   .           ???:0x000000000001c200 [/home/buildcat/GitHub/onlylua/luatest]
   20,838,019 ( 0.16%)   .                   .                   .           ???:0x0000000000029e30 [/home/buildcat/GitHub/onlylua/luatest]
   20,726,507 ( 0.15%)   .                   .                   .           ???:0x0000000000010680 [/home/buildcat/GitHub/onlylua/luatest]
   20,547,917 ( 0.15%)   .                   .                   .           ???:0x0000000000008400 [/home/buildcat/GitHub/onlylua/luatest]
   20,519,759 ( 0.15%)   .                   .                   .           ???:0x0000000000023a80 [/home/buildcat/GitHub/onlylua/luatest]
   20,009,257 ( 0.15%)   .                   .                   .           ???:0x000000000002ba30 [/home/buildcat/GitHub/onlylua/luatest]
   19,623,488 ( 0.15%)   .                   .                   .           ???:0x000000000002e990 [/home/buildcat/GitHub/onlylua/luatest]
   19,148,827 ( 0.14%)   .                   .                   .           ???:0x0000000000015dc0 [/home/buildcat/GitHub/onlylua/luatest]
   18,792,110 ( 0.14%)   .                   .                   .           ???:0x0000000000004620 [/home/buildcat/GitHub/onlylua/luatest]
   17,468,663 ( 0.13%)   .                   .                   .           ???:0x000000000001e460 [/home/buildcat/GitHub/onlylua/luatest]
   17,115,808 ( 0.13%)   .                   .                   .           ???:0x00000000001754d0 [/usr/lib/libc.so.6]
   17,032,651 ( 0.13%)   .                   .                   .           ???:0x0000000000012c50 [/home/buildcat/GitHub/onlylua/luatest]
   15,823,836 ( 0.12%)   .                   .                   .           ???:0x0000000000025bb0'2 [/home/buildcat/GitHub/onlylua/luatest]
   15,712,630 ( 0.12%)   .                   .                   .           ???:0x00000000000081c0 [/home/buildcat/GitHub/onlylua/luatest]
   15,594,022 ( 0.12%)   .                   .                   .           ???:0x000000000000cf50 [/home/buildcat/GitHub/onlylua/luatest]
   15,165,408 ( 0.11%)   .                   .                   .           ???:0x0000000000023260 [/home/buildcat/GitHub/onlylua/luatest]
   14,804,077 ( 0.11%)   .                   .                   .           ???:0x00000000000094c0 [/home/buildcat/GitHub/onlylua/luatest]
   14,468,186 ( 0.11%)   .                   .                   .           ???:0x000000000001c280 [/home/buildcat/GitHub/onlylua/luatest]
   14,281,210 ( 0.11%)   .                   .                   .           ???:0x000000000002e2e0 [/home/buildcat/GitHub/onlylua/luatest]
   14,259,593 ( 0.11%)   .                   .                   .           ???:0x0000000000008110 [/home/buildcat/GitHub/onlylua/luatest]
   13,655,124 ( 0.10%)   .                   .                   .           ???:0x00000000000a5120 [/usr/lib/libc.so.6]
   13,532,116 ( 0.10%)   .                   .                   .           ???:0x0000000000015d10 [/home/buildcat/GitHub/onlylua/luatest]
   12,939,233 ( 0.10%)   .                   .                   .           ???:0x00000000000180e0 [/home/buildcat/GitHub/onlylua/luatest]
   12,642,408 ( 0.09%)   .                   .                   .           ???:0x0000000000007940 [/home/buildcat/GitHub/onlylua/luatest]
   12,582,379 ( 0.09%)   .                   .                   .           ???:0x0000000000020150 [/home/buildcat/GitHub/onlylua/luatest]
   12,485,928 ( 0.09%)   .                   .                   .           ???:0x0000000000091860 [/usr/lib/libc.so.6]
   12,218,005 ( 0.09%)   .                   .                   .           ???:0x0000000000029980 [/home/buildcat/GitHub/onlylua/luatest]
   12,198,102 ( 0.09%)   .                   .                   .           ???:0x000000000002df20 [/home/buildcat/GitHub/onlylua/luatest]
   11,969,484 ( 0.09%)   .                   .                   .           ???:0x000000000001cf40 [/home/buildcat/GitHub/onlylua/luatest]
   11,781,050 ( 0.09%)   .                   .                   .           ???:0x00000000000239a0 [/home/buildcat/GitHub/onlylua/luatest]
   11,522,165 ( 0.09%)   .                   .                   .           ???:0x000000000002c010 [/home/buildcat/GitHub/onlylua/luatest]
   11,379,235 ( 0.08%)   .                   .                   .           ???:0x000000000007a590 [/usr/lib/libc.so.6]
   10,821,937 ( 0.08%)   .                   .                   .           ???:0x000000000002ed00 [/home/buildcat/GitHub/onlylua/luatest]
   10,557,679 ( 0.08%)   .                   .                   .           ???:0x0000000000004e60 [/home/buildcat/GitHub/onlylua/luatest]
   10,194,706 ( 0.08%)   .                   .                   .           ???:0x000000000002b960 [/home/buildcat/GitHub/onlylua/luatest]
   10,045,744 ( 0.07%)   .                   .                   .           ???:0x000000000002dd50 [/home/buildcat/GitHub/onlylua/luatest]
   10,027,380 ( 0.07%)   .                   .                   .           ???:0x0000000000003bb0 [/home/buildcat/GitHub/onlylua/luatest]
    9,824,558 ( 0.07%)   .                   .                   .           ???:0x0000000000016450 [/home/buildcat/GitHub/onlylua/luatest]
    9,814,054 ( 0.07%)   .                   .                   .           ???:0x00000000000253b0 [/home/buildcat/GitHub/onlylua/luatest]
    9,786,486 ( 0.07%)   .                   .                   .           ???:0x000000000002e8a0 [/home/buildcat/GitHub/onlylua/luatest]
    9,421,536 ( 0.07%)   .                   .                   .           ???:0x0000000000005000 [/home/buildcat/GitHub/onlylua/luatest]
    9,073,183 ( 0.07%)   .                   .                   .           ???:0x00000000000258b0 [/home/buildcat/GitHub/onlylua/luatest]
    8,710,884 ( 0.06%)   .                   .                   .           ???:0x0000000000008620 [/home/buildcat/GitHub/onlylua/luatest]
    8,544,240 ( 0.06%)   .                   .                   .           ???:0x000000000000d1d0 [/home/buildcat/GitHub/onlylua/luatest]
    8,109,437 ( 0.06%)   .                   .                   .           ???:0x000000000001d050 [/home/buildcat/GitHub/onlylua/luatest]
    7,979,501 ( 0.06%)   .                   .                   .           ???:0x0000000000003d70'2 [/home/buildcat/GitHub/onlylua/luatest]
    7,925,724 ( 0.06%)   .                   .                   .           ???:0x0000000000028d50 [/home/buildcat/GitHub/onlylua/luatest]
    7,868,854 ( 0.06%)   .                   .                   .           ???:__sigsetjmp [/usr/lib/libc.so.6]
    7,811,608 ( 0.06%)   .                   .                   .           ???:snprintf [/usr/lib/libc.so.6]
    7,661,213 ( 0.06%)   .                   .                   .           ???:0x00000000000a7150 [/usr/lib/libc.so.6]
    7,115,144 ( 0.05%)   .                   .                   .           ???:0x0000000000025690 [/home/buildcat/GitHub/onlylua/luatest]
    6,475,041 ( 0.05%)   .                   .                   .           ???:0x0000000000029230 [/home/buildcat/GitHub/onlylua/luatest]
    6,177,299 ( 0.05%)   .                   .                   .           ???:0x00000000000502b0 [/usr/lib/libc.so.6]

--------------------------------------------------------------------------------
-- User-annotated source: ../source/
--------------------------------------------------------------------------------
  No information has been collected for ../source/

--------------------------------------------------------------------------------
-- User-annotated source: ../
--------------------------------------------------------------------------------
  No information has been collected for ../

